Job id: 9751195
Job name: s03_combine_gvcfs
Allocated node: cpu-e-122
Time: Fri  1 Mar 19:14:01 GMT 2019

Initial working folder:
/rds/project/erf33/rds-erf33-medgen/users/alexey/wecare/wecare_ampliseq/analysis4/ampliseq_nfe/scripts_and_logs/s09_make_gVCFs

------------------ Output ------------------

Launch combining gVCFs in batches
Fri  1 Mar 19:14:01 GMT 2019

--- Files and folders ---

scripts_folder: /rds/project/erf33/rds-erf33-medgen/users/alexey/wecare/wecare_ampliseq/analysis4/ampliseq_nfe/scripts_and_logs/s09_make_gVCFs
gvcf_folder: /rds/project/erf33/rds-erf33-medgen/users/alexey/wecare/wecare_ampliseq/analysis4/ampliseq_nfe/data_and_results/s09_gvcf/gvcf
combined_gvcf_folder: /rds/project/erf33/rds-erf33-medgen/users/alexey/wecare/wecare_ampliseq/analysis4/ampliseq_nfe/data_and_results/s09_gvcf/combined_gvcf

combined_gvcf: /rds/project/erf33/rds-erf33-medgen/users/alexey/wecare/wecare_ampliseq/analysis4/ampliseq_nfe/data_and_results/s09_gvcf/combined_gvcf/ampliseq.g.vcf.gz
gatk_log: /rds/project/erf33/rds-erf33-medgen/users/alexey/wecare/wecare_ampliseq/analysis4/ampliseq_nfe/data_and_results/s09_gvcf/combined_gvcf/ampliseq.log

--- Tools ---

java: /rds/project/erf33/rds-erf33-medgen/tools/java/jre1.8.0_40/bin/java
gatk: /rds/project/erf33/rds-erf33-medgen/tools/gatk/gatk-3.6-0/GenomeAnalysisTK.jar

--- Resources ---

ref_genome: /rds/project/erf33/rds-erf33-medgen/resources/gatk_bundle/b37/decompressed/human_g1k_v37.fasta

Detected 541 gVCF files in the source folder

Started genotyping ...

Done
Fri  1 Mar 19:26:06 GMT 2019

