Job id: 35993149
Allocated node: cpu-e-375
Mon  8 Mar 15:10:34 GMT 2021

Job name: s07_check_QC

Initial working folder:
/rds/project/erf33/rds-erf33-medgen/users/alexey/wecare/reanalysis_wo_danish_2020/ampliseq/scripts/s02_annotate

 ------------------ Job progress ------------------ 

Started s07_check_QC: 08Mar2021_15:10:34

vcf: /rds/project/erf33/rds-erf33-medgen/users/alexey/wecare/reanalysis_wo_danish_2020/ampliseq/data/s02_annotate/ampliseq_nfe_locID_MAflag_vqsr_hf_split_clean_tag_ac_id_clinvar_vep_split_rm.vcf.gz
stats_folder: /rds/project/erf33/rds-erf33-medgen/users/alexey/wecare/reanalysis_wo_danish_2020/ampliseq/data/s02_annotate/s07_stats

Extracting header ...

Variant counts:

Number of samples: 739
Number of SNPs:    11355
Number of INDELs:  1691
Number of MNPs:    0
Number of others:  0
Number of sites:   13046

Calculating bcfstats...

Making plots...
Parsing bcftools stats output: /rds/project/erf33/rds-erf33-medgen/users/alexey/wecare/reanalysis_wo_danish_2020/ampliseq/data/s02_annotate/s07_stats/ampliseq_nfe_locID_MAflag_vqsr_hf_split_clean_tag_ac_id_clinvar_vep_split_rm.vchk
Plotting graphs: python3 plot.py
Creating PDF: pdflatex summary.tex >plot-vcfstats.log 2>&1
Finished: /rds/project/erf33/rds-erf33-medgen/users/alexey/wecare/reanalysis_wo_danish_2020/ampliseq/data/s02_annotate/s07_stats/summary.pdf

--- FILTER ---

   8275 PASS
   1496 VQSRTrancheSNP97.00to99.00
   1244 VQSRTrancheSNP99.00to100.00
    821 DP_LESS_THAN_7390.0
    543 VQSRTrancheINDEL99.00to100.00
    406 VQSRTrancheINDEL97.00to99.00
     84 DP_LESS_THAN_7390.0;VQSRTrancheSNP97.00to99.00
     59 VQSRTrancheINDEL95.00to97.00
     47 DP_LESS_THAN_7390.0;VQSRTrancheINDEL97.00to99.00
     41 DP_LESS_THAN_7390.0;VQSRTrancheSNP99.00to100.00
     27 DP_LESS_THAN_7390.0;VQSRTrancheINDEL99.00to100.00
      3 DP_LESS_THAN_7390.0;VQSRTrancheINDEL95.00to97.00

--- DS ---

  13046 .

Done: 08Mar2021_15:10:46

