Job id: 9491328
Job name: evaluate_bams
Allocated node: cpu-e-1072
Time: Fri 15 Feb 15:10:20 GMT 2019

Initial working folder:
/rds/project/erf33/rds-erf33-medgen/users/alexey/wecare/wecare_ampliseq/analysis4/ampliseq_nfe/scripts_and_logs/s07_evaluate_bams

------------------ Output ------------------

Launch evaluating BAMs in batches
Fri 15 Feb 15:10:20 GMT 2019

--- Folders ---

scripts_folder: /rds/project/erf33/rds-erf33-medgen/users/alexey/wecare/wecare_ampliseq/analysis4/ampliseq_nfe/scripts_and_logs/s07_evaluate_bams

bam_folder: /rds/project/erf33/rds-erf33-medgen/users/alexey/wecare/wecare_ampliseq/analysis4/ampliseq_nfe/data_and_results/s06_clean_bam/bam

samtools_flagstats_folder: /rds/project/erf33/rds-erf33-medgen/users/alexey/wecare/wecare_ampliseq/analysis4/ampliseq_nfe/data_and_results/s07_bam_metrics/samtools/flagstats
gatk_flagstats_folder: /rds/project/erf33/rds-erf33-medgen/users/alexey/wecare/wecare_ampliseq/analysis4/ampliseq_nfe/data_and_results/s07_bam_metrics/gatk/flagstats
picard_insert_sizes_folder: /rds/project/erf33/rds-erf33-medgen/users/alexey/wecare/wecare_ampliseq/analysis4/ampliseq_nfe/data_and_results/s07_bam_metrics/picard/insert_sizes
picard_alignment_metrics_folder: /rds/project/erf33/rds-erf33-medgen/users/alexey/wecare/wecare_ampliseq/analysis4/ampliseq_nfe/data_and_results/s07_bam_metrics/picard/alignment_metrics
picard_pcr_metrics_folder: /rds/project/erf33/rds-erf33-medgen/users/alexey/wecare/wecare_ampliseq/analysis4/ampliseq_nfe/data_and_results/s07_bam_metrics/picard/pcr_metrics
qualimap_folder: /rds/project/erf33/rds-erf33-medgen/users/alexey/wecare/wecare_ampliseq/analysis4/ampliseq_nfe/data_and_results/s07_bam_metrics/qualimap

--- Tools ---

samtools: /rds/project/erf33/rds-erf33-medgen/tools/samtools/samtools-1.8/bin/samtools
gatk: /rds/project/erf33/rds-erf33-medgen/tools/gatk/gatk-4.0.5.2/gatk
picard: /rds/project/erf33/rds-erf33-medgen/tools/picard/picard-2.18.7/picard.jar
qualimap: /rds/project/erf33/rds-erf33-medgen/tools/qualimap/qualimap_v2.2.1/qualimap
r_folder: /rds/project/erf33/rds-erf33-medgen/tools/r/R-3.2.0/bin

java:
openjdk version "1.8.0_191"
OpenJDK Runtime Environment (build 1.8.0_191-b12)
OpenJDK 64-Bit Server VM (build 25.191-b12, mixed mode)

--- Resources ---

ref_genome: /rds/project/erf33/rds-erf33-medgen/resources/gatk_bundle/b37/decompressed/human_g1k_v37.fasta
amplicons_interval_list: /rds/project/erf33/rds-erf33-medgen/users/alexey/wecare/wecare_ampliseq/analysis4/ampliseq_nfe/data_and_results/s00_targets/ampliseq_amplicons_b37.interval_list
targets_interval_list: /rds/project/erf33/rds-erf33-medgen/users/alexey/wecare/wecare_ampliseq/analysis4/ampliseq_nfe/data_and_results/s00_targets/ampliseq_targets_b37.interval_list
targets_bed6: /rds/project/erf33/rds-erf33-medgen/users/alexey/wecare/wecare_ampliseq/analysis4/ampliseq_nfe/data_and_results/s00_targets/ampliseq_targets_6.bed

Detected 541 bam files in the source folder
Made 22 batches of up to 25 samples each

15:13:45 Done batch 1
15:16:58 Done batch 2
15:20:25 Done batch 3
15:23:22 Done batch 4
15:26:16 Done batch 5
15:29:53 Done batch 6
15:34:04 Done batch 7
15:37:03 Done batch 8
15:40:02 Done batch 9
15:44:05 Done batch 10
15:47:30 Done batch 11
15:50:28 Done batch 12
15:53:37 Done batch 13
15:56:21 Done batch 14
16:00:21 Done batch 15
16:03:27 Done batch 16
16:07:54 Done batch 17
16:10:32 Done batch 18
16:13:30 Done batch 19
16:17:05 Done batch 20
16:19:59 Done batch 21
16:22:35 Done batch 22

Done all tasks
Fri 15 Feb 16:22:35 GMT 2019

