Job id: 9504208
Job name: bqsr_tables_before
Allocated node: cpu-e-663
Time: Sat 16 Feb 20:16:23 GMT 2019

Initial working folder:
/rds/project/erf33/rds-erf33-medgen/users/alexey/wecare/wecare_ampliseq/analysis4/ampliseq_nfe/scripts_and_logs/s08_preprocess_bams

------------------ Output ------------------

Make BQSR tables before recalibration (in batches)
Sat 16 Feb 20:16:23 GMT 2019

--- Folders ---

scripts_folder: /rds/project/erf33/rds-erf33-medgen/users/alexey/wecare/wecare_ampliseq/analysis4/ampliseq_nfe/scripts_and_logs/s08_preprocess_bams

idrl_bam_folder: /rds/project/erf33/rds-erf33-medgen/users/alexey/wecare/wecare_ampliseq/analysis4/ampliseq_nfe/data_and_results/s08_preprocessed_bam/idrl_bam
bqsr_bam_folder: /rds/project/erf33/rds-erf33-medgen/users/alexey/wecare/wecare_ampliseq/analysis4/ampliseq_nfe/data_and_results/s08_preprocessed_bam/idrl_bqsr_bam

--- Tools ---

java7: /rds/project/erf33/rds-erf33-medgen/tools/java/jre1.7.0_76/bin/java
gatk: /rds/project/erf33/rds-erf33-medgen/tools/gatk/gatk-3.4-46/GenomeAnalysisTK.jar

--- Resources ---

ref_genome: /rds/project/erf33/rds-erf33-medgen/resources/gatk_bundle/b37/decompressed/human_g1k_v37.fasta
dbsnp: /rds/project/erf33/rds-erf33-medgen/resources/gatk_bundle/b37/decompressed/dbsnp_138.b37.vcf
indels_1k: /rds/project/erf33/rds-erf33-medgen/resources/gatk_bundle/b37/decompressed/1000G_phase1.indels.b37.vcf
indels_mills: /rds/project/erf33/rds-erf33-medgen/resources/gatk_bundle/b37/decompressed/Mills_and_1000G_gold_standard.indels.b37.vcf

targets_interval_list: /rds/project/erf33/rds-erf33-medgen/users/alexey/wecare/wecare_ampliseq/analysis4/ampliseq_nfe/data_and_results/s00_targets/ampliseq_targets_b37.interval_list

Detected 541 bam files in the source folder
Made 22 batches of up to 25 samples each

20:24:19 Done batch 1
20:31:38 Done batch 2
20:39:58 Done batch 3
20:46:45 Done batch 4
20:53:32 Done batch 5
21:01:50 Done batch 6
21:11:23 Done batch 7
21:18:09 Done batch 8
21:24:50 Done batch 9
21:34:04 Done batch 10
21:41:54 Done batch 11
21:48:49 Done batch 12
21:56:10 Done batch 13
22:02:19 Done batch 14
22:11:26 Done batch 15
22:18:27 Done batch 16
22:28:44 Done batch 17
22:34:49 Done batch 18
22:41:46 Done batch 19
22:50:04 Done batch 20
22:56:48 Done batch 21
23:03:02 Done batch 22

Done all tasks
Sat 16 Feb 23:03:02 GMT 2019

