Job id: 9543810
Job name: bqsr
Allocated node: cpu-e-736
Time: Sun 17 Feb 22:38:15 GMT 2019

Initial working folder:
/rds/project/erf33/rds-erf33-medgen/users/alexey/wecare/wecare_ampliseq/analysis4/ampliseq_nfe/scripts_and_logs/s08_preprocess_bams

------------------ Output ------------------

Perform BQSR (in batches)
Sun 17 Feb 22:38:15 GMT 2019

--- Folders ---

scripts_folder: /rds/project/erf33/rds-erf33-medgen/users/alexey/wecare/wecare_ampliseq/analysis4/ampliseq_nfe/scripts_and_logs/s08_preprocess_bams

idrl_bam_folder: /rds/project/erf33/rds-erf33-medgen/users/alexey/wecare/wecare_ampliseq/analysis4/ampliseq_nfe/data_and_results/s08_preprocessed_bam/idrl_bam
bqsr_bam_folder: /rds/project/erf33/rds-erf33-medgen/users/alexey/wecare/wecare_ampliseq/analysis4/ampliseq_nfe/data_and_results/s08_preprocessed_bam/idrl_bqsr_bam

--- Tools ---

java7: /rds/project/erf33/rds-erf33-medgen/tools/java/jre1.7.0_76/bin/java
gatk: /rds/project/erf33/rds-erf33-medgen/tools/gatk/gatk-3.4-46/GenomeAnalysisTK.jar

--- Resources ---

ref_genome: /rds/project/erf33/rds-erf33-medgen/resources/gatk_bundle/b37/decompressed/human_g1k_v37.fasta
dbsnp: /rds/project/erf33/rds-erf33-medgen/resources/gatk_bundle/b37/decompressed/dbsnp_138.b37.vcf
indels_1k: /rds/project/erf33/rds-erf33-medgen/resources/gatk_bundle/b37/decompressed/1000G_phase1.indels.b37.vcf
indels_mills: /rds/project/erf33/rds-erf33-medgen/resources/gatk_bundle/b37/decompressed/Mills_and_1000G_gold_standard.indels.b37.vcf

targets_interval_list: /rds/project/erf33/rds-erf33-medgen/users/alexey/wecare/wecare_ampliseq/analysis4/ampliseq_nfe/data_and_results/s00_targets/ampliseq_targets_b37.interval_list

Detected 541 bam files in the source folder
Made 22 batches of up to 25 samples each

22:45:02 Done batch 1
22:51:03 Done batch 2
22:58:18 Done batch 3
23:03:45 Done batch 4
23:08:48 Done batch 5
23:16:09 Done batch 6
23:25:37 Done batch 7
23:30:49 Done batch 8
23:36:02 Done batch 9
23:45:30 Done batch 10
23:52:30 Done batch 11
23:57:54 Done batch 12
00:04:19 Done batch 13
00:08:49 Done batch 14
00:17:52 Done batch 15
00:23:45 Done batch 16
00:34:09 Done batch 17
00:38:40 Done batch 18
00:44:09 Done batch 19
00:51:32 Done batch 20
00:56:32 Done batch 21
01:01:57 Done batch 22

Done all tasks
Mon 18 Feb 01:01:58 GMT 2019

