Job id: 9553303
Job name: bqsr_tables_after
Allocated node: cpu-e-450
Time: Mon 18 Feb 14:47:51 GMT 2019

Initial working folder:
/rds/project/erf33/rds-erf33-medgen/users/alexey/wecare/wecare_ampliseq/analysis4/ampliseq_nfe/scripts_and_logs/s08_preprocess_bams

------------------ Output ------------------

Make BQSR tables after recalibration (in batches)
Mon 18 Feb 14:47:51 GMT 2019

--- Folders ---

scripts_folder: /rds/project/erf33/rds-erf33-medgen/users/alexey/wecare/wecare_ampliseq/analysis4/ampliseq_nfe/scripts_and_logs/s08_preprocess_bams

bqsr_bam_folder: /rds/project/erf33/rds-erf33-medgen/users/alexey/wecare/wecare_ampliseq/analysis4/ampliseq_nfe/data_and_results/s08_preprocessed_bam/idrl_bqsr_bam

--- Tools ---

java7: /rds/project/erf33/rds-erf33-medgen/tools/java/jre1.7.0_76/bin/java
gatk: /rds/project/erf33/rds-erf33-medgen/tools/gatk/gatk-3.4-46/GenomeAnalysisTK.jar

--- Resources ---

ref_genome: /rds/project/erf33/rds-erf33-medgen/resources/gatk_bundle/b37/decompressed/human_g1k_v37.fasta
dbsnp: /rds/project/erf33/rds-erf33-medgen/resources/gatk_bundle/b37/decompressed/dbsnp_138.b37.vcf
indels_1k: /rds/project/erf33/rds-erf33-medgen/resources/gatk_bundle/b37/decompressed/1000G_phase1.indels.b37.vcf
indels_mills: /rds/project/erf33/rds-erf33-medgen/resources/gatk_bundle/b37/decompressed/Mills_and_1000G_gold_standard.indels.b37.vcf

targets_interval_list: /rds/project/erf33/rds-erf33-medgen/users/alexey/wecare/wecare_ampliseq/analysis4/ampliseq_nfe/data_and_results/s00_targets/ampliseq_targets_b37.interval_list

Detected 541 bam files in the source folder
Made 22 batches of up to 25 samples each

14:56:29 Done batch 1
15:04:22 Done batch 2
15:13:18 Done batch 3
15:20:34 Done batch 4
15:27:43 Done batch 5
15:36:27 Done batch 6
15:46:46 Done batch 7
15:54:06 Done batch 8
16:01:12 Done batch 9
16:11:14 Done batch 10
16:19:29 Done batch 11
16:26:44 Done batch 12
16:34:38 Done batch 13
16:41:08 Done batch 14
16:51:06 Done batch 15
16:58:42 Done batch 16
17:09:45 Done batch 17
17:16:17 Done batch 18
17:23:44 Done batch 19
17:32:36 Done batch 20
17:39:49 Done batch 21
17:46:32 Done batch 22

Done all tasks
Mon 18 Feb 17:46:32 GMT 2019

