Job id: 9555877
Job name: bqsr_plots
Allocated node: cpu-e-1140
Time: Mon 18 Feb 17:56:29 GMT 2019

Initial working folder:
/rds/project/erf33/rds-erf33-medgen/users/alexey/wecare/wecare_ampliseq/analysis4/ampliseq_nfe/scripts_and_logs/s08_preprocess_bams

------------------ Output ------------------

Make BQSR plots (in batches)
Mon 18 Feb 17:56:29 GMT 2019

--- Folders ---

scripts_folder: /rds/project/erf33/rds-erf33-medgen/users/alexey/wecare/wecare_ampliseq/analysis4/ampliseq_nfe/scripts_and_logs/s08_preprocess_bams
bqsr_bam_folder: /rds/project/erf33/rds-erf33-medgen/users/alexey/wecare/wecare_ampliseq/analysis4/ampliseq_nfe/data_and_results/s08_preprocessed_bam/idrl_bqsr_bam

--- Tools ---

java7: /rds/project/erf33/rds-erf33-medgen/tools/java/jre1.7.0_76/bin/java
gatk: /rds/project/erf33/rds-erf33-medgen/tools/gatk/gatk-3.4-46/GenomeAnalysisTK.jar
r_folder: /rds/project/erf33/rds-erf33-medgen/tools/r/R-3.2.0/bin

--- Resources ---

ref_genome: /rds/project/erf33/rds-erf33-medgen/resources/gatk_bundle/b37/decompressed/human_g1k_v37.fasta

Detected 541 bqsr bam files
Made 22 batches of up to 25 samples each

17:56:43 Done batch 1
17:56:51 Done batch 2
17:57:00 Done batch 3
17:57:08 Done batch 4
17:57:17 Done batch 5
17:57:25 Done batch 6
17:57:34 Done batch 7
17:57:43 Done batch 8
17:57:51 Done batch 9
17:58:00 Done batch 10
17:58:08 Done batch 11
17:58:16 Done batch 12
17:58:25 Done batch 13
17:58:34 Done batch 14
17:58:42 Done batch 15
17:58:51 Done batch 16
17:58:59 Done batch 17
17:59:08 Done batch 18
17:59:16 Done batch 19
17:59:25 Done batch 20
17:59:33 Done batch 21
17:59:40 Done batch 22

Done all tasks
Mon 18 Feb 17:59:40 GMT 2019

