Job id: 5925133
Job name: s01_trimming_fastq
Allocated node: cpu-e-44
Time: Wed 17 Oct 17:39:06 BST 2018

Initial working folder:
/rds/project/erf33/rds-erf33-medgen/users/alexey/wecare_ampliseq/analysis3/scripts_and_logs/s03_trimming

------------------ Output ------------------

Trimming of fastq files
Wed 17 Oct 17:39:06 BST 2018

Python 2.7.10
cutadapt version
1.16

base_folder: /rds/project/erf33/rds-erf33-medgen/users/alexey/wecare_ampliseq/analysis3
source_fastq_folder: /rds/project/erf33/rds-erf33-medgen/users/alexey/wecare_ampliseq/analysis3/data_and_results/s01_source_data/fastq
trimmed_fastq_folder: /rds/project/erf33/rds-erf33-medgen/users/alexey/wecare_ampliseq/analysis3/data_and_results/s02_trimmed_fastq/fastq

cutadapt_trim_qual: 20
cutadapt_min_len: 50
max_n_fraction: 0.5

Made 37 batches of up to 15 samples each

17:40:34 Done batch 1
17:41:47 Done batch 2
17:42:52 Done batch 3
17:44:17 Done batch 4
17:45:25 Done batch 5
17:46:20 Done batch 6
17:47:28 Done batch 7
17:48:28 Done batch 8
17:49:58 Done batch 9
17:50:52 Done batch 10
17:52:47 Done batch 11
17:53:50 Done batch 12
17:54:51 Done batch 13
17:55:52 Done batch 14
17:56:57 Done batch 15
17:58:12 Done batch 16
18:00:10 Done batch 17
18:01:36 Done batch 18
18:02:52 Done batch 19
18:03:49 Done batch 20
18:05:08 Done batch 21
18:06:01 Done batch 22
18:06:42 Done batch 23
18:08:34 Done batch 24
18:09:32 Done batch 25
18:10:44 Done batch 26
18:11:55 Done batch 27
18:14:04 Done batch 28
18:14:51 Done batch 29
18:15:44 Done batch 30
18:16:42 Done batch 31
18:18:14 Done batch 32
18:19:20 Done batch 33
18:20:33 Done batch 34
18:21:35 Done batch 35
18:22:45 Done batch 36
18:23:12 Done batch 37

Done all tasks
Wed 17 Oct 18:23:12 BST 2018

