Job id: 5933697
Job name: s02_summarise_fastqc
Allocated node: cpu-e-48
Time: Thu 18 Oct 11:52:21 BST 2018

Initial working folder:
/rds/project/erf33/rds-erf33-medgen/users/alexey/wecare_ampliseq/analysis3/scripts_and_logs/s04_qc_after_trimming

------------------ Output ------------------

Summarise fastqc
Thu 18 Oct 11:52:21 BST 2018

base_folder: /rds/project/erf33/rds-erf33-medgen/users/alexey/wecare_ampliseq/analysis3
data_folder: /rds/project/erf33/rds-erf33-medgen/users/alexey/wecare_ampliseq/analysis3/data_and_results/s04_qc_after_trimming/fastqc
output_folder: /rds/project/erf33/rds-erf33-medgen/users/alexey/wecare_ampliseq/analysis3/data_and_results/s04_qc_after_trimming/fastqc_summary
read_counts_file: /rds/project/erf33/rds-erf33-medgen/users/alexey/wecare_ampliseq/analysis3/data_and_results/s04_qc_after_trimming/fastqc_summary/read_counts.txt
summary_file: /rds/project/erf33/rds-erf33-medgen/users/alexey/wecare_ampliseq/analysis3/data_and_results/s04_qc_after_trimming/fastqc_summary/summary.txt

Found 1082 fast-qc folders
Completed
Thu 18 Oct 11:52:55 BST 2018

Quick checks

1083 /rds/project/erf33/rds-erf33-medgen/users/alexey/wecare_ampliseq/analysis3/data_and_results/s04_qc_after_trimming/fastqc_summary/read_counts.txt
sample_no	illumina_id	lane_no	read_no	Count
155	S321	L008	R1	1298557
387	S94	L007	R2	1066459
383	S80	L007	R2	2039291
188	S417	L008	R1	797446
212	S452	L008	R2	695430
58	S291	L008	R1	692180
257	S387	L008	R2	659294
522	S472	L008	R1	1006310
305	S104	L007	R2	777910

94	S143	L007	R1	618378
94	S143	L007	R2	618378

1083 /rds/project/erf33/rds-erf33-medgen/users/alexey/wecare_ampliseq/analysis3/data_and_results/s04_qc_after_trimming/fastqc_summary/summary.txt
sample_no	illumina_id	lane_no	read_no	Basic_Statistics	Per_base_sequence_quality	Per_tile_sequence_quality	Per_sequence_quality_scores	Per_base_sequence_content	Per_sequence_GC_content	Per_base_N_content	Sequence_Length_Distribution	Sequence_Duplication_Levels	Overrepresented_sequences	Adapter_Content
155	S321	L008	R1	PASS	PASS	PASS	PASS	WARN	FAIL	PASS	WARN	FAIL	WARN	PASS
387	S94	L007	R2	PASS	PASS	WARN	PASS	WARN	FAIL	PASS	WARN	FAIL	WARN	PASS
383	S80	L007	R2	PASS	PASS	PASS	PASS	WARN	FAIL	PASS	WARN	FAIL	WARN	PASS
188	S417	L008	R1	PASS	PASS	PASS	PASS	WARN	FAIL	PASS	WARN	FAIL	WARN	PASS
212	S452	L008	R2	PASS	PASS	WARN	PASS	WARN	FAIL	PASS	WARN	FAIL	WARN	PASS
58	S291	L008	R1	PASS	PASS	PASS	PASS	WARN	FAIL	PASS	WARN	FAIL	WARN	PASS
257	S387	L008	R2	PASS	PASS	WARN	PASS	WARN	FAIL	PASS	WARN	FAIL	WARN	PASS
522	S472	L008	R1	PASS	PASS	PASS	PASS	FAIL	FAIL	PASS	WARN	FAIL	WARN	PASS
305	S104	L007	R2	PASS	PASS	WARN	PASS	WARN	FAIL	PASS	WARN	FAIL	WARN	PASS

94	S143	L007	R1	PASS	PASS	PASS	PASS	FAIL	FAIL	PASS	WARN	FAIL	WARN	PASS
94	S143	L007	R2	PASS	PASS	WARN	PASS	FAIL	FAIL	PASS	WARN	FAIL	WARN	PASS

